#
# There is insufficient memory for the Java Runtime Environment to continue.
# Native memory allocation (mmap) failed to map 264241152 bytes for G1 virtual space
# Possible reasons:
#   The system is out of physical RAM or swap space
#   The process is running with CompressedOops enabled, and the Java Heap may be blocking the growth of the native heap
# Possible solutions:
#   Reduce memory load on the system
#   Increase physical memory or swap space
#   Check if swap backing store is full
#   Decrease Java heap size (-Xmx/-Xms)
#   Decrease number of Java threads
#   Decrease Java thread stack sizes (-Xss)
#   Set larger code cache with -XX:ReservedCodeCacheSize=
#   JVM is running with Zero Based Compressed Oops mode in which the Java heap is
#     placed in the first 32GB address space. The Java Heap base address is the
#     maximum limit for the native heap growth. Please use -XX:HeapBaseMinAddress
#     to set the Java Heap base and to place the Java Heap above 32GB virtual address.
# This output file may be truncated or incomplete.
#
#  Out of Memory Error (os_windows.cpp:3825), pid=155956, tid=210592
#
# JRE version:  (17.0.9+7) (build )
# Java VM: OpenJDK 64-Bit Server VM (17.0.9+7-b1087.11, mixed mode, sharing, tiered, compressed oops, compressed class ptrs, g1 gc, windows-amd64)
# No core dump will be written. Minidumps are not enabled by default on client versions of Windows
#

---------------  S U M M A R Y ------------

Command Line: git4idea.http.GitAskPassApp Username for 'https://github.com': 

Host: 11th Gen Intel(R) Core(TM) i5-1135G7 @ 2.40GHz, 8 cores, 15G,  Windows 10 , 64 bit Build 19041 (10.0.19041.3570)
Time: Thu Feb  8 12:57:15 2024 Eastern Standard Time elapsed time: 0.014008 seconds (0d 0h 0m 0s)

---------------  T H R E A D  ---------------

Current thread (0x000001bee7089d40):  JavaThread "Unknown thread" [_thread_in_vm, id=210592, stack(0x000000020c700000,0x000000020c800000)]

Stack: [0x000000020c700000,0x000000020c800000]
Native frames: (J=compiled Java code, j=interpreted, Vv=VM code, C=native code)
V  [jvm.dll+0x688349]
V  [jvm.dll+0x841bfa]
V  [jvm.dll+0x84383e]
V  [jvm.dll+0x843ea3]
V  [jvm.dll+0x24bdef]
V  [jvm.dll+0x6850f9]
V  [jvm.dll+0x67988a]
V  [jvm.dll+0x30cbfb]
V  [jvm.dll+0x3140a6]
V  [jvm.dll+0x363ede]
V  [jvm.dll+0x36410f]
V  [jvm.dll+0x2e29c8]
V  [jvm.dll+0x2e3934]
V  [jvm.dll+0x812771]
V  [jvm.dll+0x371d41]
V  [jvm.dll+0x7f12bc]
V  [jvm.dll+0x3f59cf]
V  [jvm.dll+0x3f7601]
C  [jli.dll+0x528f]
C  [ucrtbase.dll+0x21bb2]
C  [KERNEL32.DLL+0x17344]
C  [ntdll.dll+0x526b1]


---------------  P R O C E S S  ---------------

Threads class SMR info:
_java_thread_list=0x00007ff9b94ddf18, length=0, elements={
}

Java Threads: ( => current thread )

Other Threads:
  0x000001bee70f62f0 GCTaskThread "GC Thread#0" [stack: 0x000000020c800000,0x000000020c900000] [id=203364]
  0x000001bee7106dd0 ConcurrentGCThread "G1 Main Marker" [stack: 0x000000020c900000,0x000000020ca00000] [id=57712]
  0x000001bee71077f0 ConcurrentGCThread "G1 Conc#0" [stack: 0x000000020ca00000,0x000000020cb00000] [id=64412]

[error occurred during error reporting (printing all threads), id 0xc0000005, EXCEPTION_ACCESS_VIOLATION (0xc0000005) at pc=0x00007ff9b8c93597]

VM state: not at safepoint (not fully initialized)

VM Mutex/Monitor currently owned by a thread:  ([mutex/lock_event])
[0x000001bee7084fb0] Heap_lock - owner thread: 0x000001bee7089d40

Heap address: 0x0000000704600000, size: 4026 MB, Compressed Oops mode: Zero based, Oop shift amount: 3

CDS archive(s) mapped at: [0x0000000000000000-0x0000000000000000-0x0000000000000000), size 0, SharedBaseAddress: 0x0000000800000000, ArchiveRelocationMode: 1.
Narrow klass base: 0x0000000000000000, Narrow klass shift: 0, Narrow klass range: 0x0

GC Precious Log:
<Empty>

Heap:
 garbage-first heap   total 0K, used 0K [0x0000000704600000, 0x0000000800000000)
  region size 2048K, 0 young (0K), 0 survivors (0K)
 Metaspace       used 0K, committed 0K, reserved 0K
  class space    used 0K, committed 0K, reserved 0K

Heap Regions: E=young(eden), S=young(survivor), O=old, HS=humongous(starts), HC=humongous(continues), CS=collection set, F=free, OA=open archive, CA=closed archive, TAMS=top-at-mark-start (previous, next)

Card table byte_map: [0x000001befa320000,0x000001befab00000] _byte_map_base: 0x000001bef6afd000

Marking Bits (Prev, Next): (CMBitMap*) 0x000001bee70f6910, (CMBitMap*) 0x000001bee70f6950
 Prev Bits: [0x000001befb2e0000, 0x000001beff1c8000)
 Next Bits: [0x000001be80000000, 0x000001be83ee8000)

GC Heap History (0 events):
No events

Dll operation events (1 events):
Event: 0.009 Loaded shared library C:\Program Files\JetBrains\PyCharm Community Edition 2021.3\jbr\bin\java.dll

Deoptimization events (0 events):
No events

Classes unloaded (0 events):
No events

Classes redefined (0 events):
No events

Internal exceptions (0 events):
No events

VM Operations (0 events):
No events

Events (0 events):
No events


Dynamic libraries:
0x00007ff6d0330000 - 0x00007ff6d033a000 	C:\Program Files\JetBrains\PyCharm Community Edition 2021.3\jbr\bin\java.exe
0x00007ffa44ed0000 - 0x00007ffa450c7000 	C:\windows\SYSTEM32\ntdll.dll
0x00007ffa42f30000 - 0x00007ffa42fed000 	C:\windows\System32\KERNEL32.DLL
0x00007ffa42980000 - 0x00007ffa42c76000 	C:\windows\System32\KERNELBASE.dll
0x00007ffa42880000 - 0x00007ffa42980000 	C:\windows\System32\ucrtbase.dll
0x00007ffa07970000 - 0x00007ffa0798b000 	C:\Program Files\JetBrains\PyCharm Community Edition 2021.3\jbr\bin\VCRUNTIME140.dll
0x00007ffa28ea0000 - 0x00007ffa28eb7000 	C:\Program Files\JetBrains\PyCharm Community Edition 2021.3\jbr\bin\jli.dll
0x00007ffa267b0000 - 0x00007ffa26a4a000 	C:\windows\WinSxS\amd64_microsoft.windows.common-controls_6595b64144ccf1df_6.0.19041.3570_none_60bb2a3971f3e41a\COMCTL32.dll
0x00007ffa43a60000 - 0x00007ffa43bfe000 	C:\windows\System32\USER32.dll
0x00007ffa43c00000 - 0x00007ffa43c9e000 	C:\windows\System32\msvcrt.dll
0x00007ffa425b0000 - 0x00007ffa425d2000 	C:\windows\System32\win32u.dll
0x00007ffa43350000 - 0x00007ffa4337c000 	C:\windows\System32\GDI32.dll
0x00007ffa42c80000 - 0x00007ffa42d9a000 	C:\windows\System32\gdi32full.dll
0x00007ffa42da0000 - 0x00007ffa42e3d000 	C:\windows\System32\msvcp_win.dll
0x00007ffa43ca0000 - 0x00007ffa43cd0000 	C:\windows\System32\IMM32.DLL
0x00007ffa28b70000 - 0x00007ffa28b7c000 	C:\Program Files\JetBrains\PyCharm Community Edition 2021.3\jbr\bin\vcruntime140_1.dll
0x00007ff9eb3b0000 - 0x00007ff9eb43d000 	C:\Program Files\JetBrains\PyCharm Community Edition 2021.3\jbr\bin\msvcp140.dll
0x00007ff9b89a0000 - 0x00007ff9b9622000 	C:\Program Files\JetBrains\PyCharm Community Edition 2021.3\jbr\bin\server\jvm.dll
0x00007ffa43610000 - 0x00007ffa436be000 	C:\windows\System32\ADVAPI32.dll
0x00007ffa439c0000 - 0x00007ffa43a5c000 	C:\windows\System32\sechost.dll
0x00007ffa434e0000 - 0x00007ffa43606000 	C:\windows\System32\RPCRT4.dll
0x00007ffa11570000 - 0x00007ffa11579000 	C:\windows\SYSTEM32\WSOCK32.dll
0x00007ffa41ef0000 - 0x00007ffa41f3b000 	C:\windows\SYSTEM32\POWRPROF.dll
0x00007ffa3a680000 - 0x00007ffa3a68a000 	C:\windows\SYSTEM32\VERSION.dll
0x00007ffa35b60000 - 0x00007ffa35b87000 	C:\windows\SYSTEM32\WINMM.dll
0x00007ffa44530000 - 0x00007ffa4459b000 	C:\windows\System32\WS2_32.dll
0x00007ffa41ed0000 - 0x00007ffa41ee2000 	C:\windows\SYSTEM32\UMPDC.dll
0x00007ffa40ab0000 - 0x00007ffa40ac2000 	C:\windows\SYSTEM32\kernel.appcore.dll
0x00007ffa3d600000 - 0x00007ffa3d60a000 	C:\Program Files\JetBrains\PyCharm Community Edition 2021.3\jbr\bin\jimage.dll
0x00007ffa40030000 - 0x00007ffa40214000 	C:\windows\SYSTEM32\DBGHELP.DLL
0x00007ffa29f50000 - 0x00007ffa29f84000 	C:\windows\SYSTEM32\dbgcore.DLL
0x00007ffa425e0000 - 0x00007ffa42662000 	C:\windows\System32\bcryptPrimitives.dll
0x00007ffa28ec0000 - 0x00007ffa28ee5000 	C:\Program Files\JetBrains\PyCharm Community Edition 2021.3\jbr\bin\java.dll

dbghelp: loaded successfully - version: 4.0.5 - missing functions: none
symbol engine: initialized successfully - sym options: 0x614 - pdb path: .;C:\Program Files\JetBrains\PyCharm Community Edition 2021.3\jbr\bin;C:\windows\SYSTEM32;C:\windows\WinSxS\amd64_microsoft.windows.common-controls_6595b64144ccf1df_6.0.19041.3570_none_60bb2a3971f3e41a;C:\Program Files\JetBrains\PyCharm Community Edition 2021.3\jbr\bin\server

VM Arguments:
java_command: git4idea.http.GitAskPassApp Username for 'https://github.com': 
java_class_path (initial): C:/Program Files/JetBrains/PyCharm Community Edition 2021.3/plugins/vcs-git/lib/git4idea-rt.jar;C:/Program Files/JetBrains/PyCharm Community Edition 2021.3/lib/externalProcess-rt.jar
Launcher Type: SUN_STANDARD

[Global flags]
     intx CICompilerCount                          = 4                                         {product} {ergonomic}
     uint ConcGCThreads                            = 2                                         {product} {ergonomic}
     uint G1ConcRefinementThreads                  = 8                                         {product} {ergonomic}
   size_t G1HeapRegionSize                         = 2097152                                   {product} {ergonomic}
    uintx GCDrainStackTargetSize                   = 64                                        {product} {ergonomic}
   size_t InitialHeapSize                          = 264241152                                 {product} {ergonomic}
   size_t MarkStackSize                            = 4194304                                   {product} {ergonomic}
   size_t MaxHeapSize                              = 4221566976                                {product} {ergonomic}
   size_t MinHeapDeltaBytes                        = 2097152                                   {product} {ergonomic}
   size_t MinHeapSize                              = 8388608                                   {product} {ergonomic}
    uintx NonNMethodCodeHeapSize                   = 5839372                                {pd product} {ergonomic}
    uintx NonProfiledCodeHeapSize                  = 122909434                              {pd product} {ergonomic}
    uintx ProfiledCodeHeapSize                     = 122909434                              {pd product} {ergonomic}
    uintx ReservedCodeCacheSize                    = 251658240                              {pd product} {ergonomic}
     bool SegmentedCodeCache                       = true                                      {product} {ergonomic}
   size_t SoftMaxHeapSize                          = 4221566976                             {manageable} {ergonomic}
     bool UseCompressedClassPointers               = true                           {product lp64_product} {ergonomic}
     bool UseCompressedOops                        = true                           {product lp64_product} {ergonomic}
     bool UseG1GC                                  = true                                      {product} {ergonomic}
     bool UseLargePagesIndividualAllocation        = false                                  {pd product} {ergonomic}

Logging:
Log output configuration:
 #0: stdout all=warning uptime,level,tags
 #1: stderr all=off uptime,level,tags

Environment Variables:
PATH=C:/Program Files/Git/mingw64/libexec/git-core;C:/Program Files/Git/mingw64/libexec/git-core;C:\Program Files\Git\mingw64\bin;C:\Program Files\Git\usr\bin;C:\Users\mmacarty\bin;C:\Users\mmacarty\Anaconda3;C:\Users\mmacarty\Anaconda3\Library\mingw-w64\bin;C:\Users\mmacarty\Anaconda3\Library\usr\bin;C:\Users\mmacarty\Anaconda3\Library\bin;C:\Users\mmacarty\Anaconda3\Scripts;C:\Users\mmacarty\Anaconda3\bin;C:\Users\mmacarty\anaconda3\condabin;C:\Program Files (x86)\Common Files\Oracle\Java\javapath;C:\Program Files (x86)\Common Files\Intel\Shared Libraries\redist\intel64\compiler;C:\windows\system32;C:\windows;C:\windows\System32\Wbem;C:\windows\System32\WindowsPowerShell\v1.0;C:\windows\System32\OpenSSH;C:\Program Files (x86)\PharosSystems\Core;C:\Users\mmacarty\mongo\bin;C:\Program Files\Git\cmd;C:\Users\mmacarty\anaconda3;C:\Users\mmacarty\anaconda3\Library\mingw-w64\bin;C:\Users\mmacarty\anaconda3\Library\usr\bin;C:\Users\mmacarty\anaconda3\Library\bin;C:\Users\mmacarty\anaconda3\Scripts;C:\Users\mmacarty\AppData\Local\Microsoft\WindowsApps;C:\Users\mmacarty\AppData\Local\atom\bin;C:\Users\mmacarty\AppData\Local\Programs\Microsoft VS Code\bin
USERNAME=mmacarty
DISPLAY=:0.0
LC_ALL=en_US.UTF-8
TERM=xterm-256color
TMPDIR=C:\Users\mmacarty\AppData\Local\Temp
OS=Windows_NT
PROCESSOR_IDENTIFIER=Intel64 Family 6 Model 140 Stepping 1, GenuineIntel
TMP=C:\Users\mmacarty\AppData\Local\Temp
TEMP=C:\Users\mmacarty\AppData\Local\Temp



Periodic native trim disabled

JNI global refs:
JNI global refs: 0, weak refs: 0

JNI global refs memory usage: 0, weak refs: 0

OOME stack traces (most recent first):
Classloader memory used:


---------------  S Y S T E M  ---------------

OS:
 Windows 10 , 64 bit Build 19041 (10.0.19041.3570)
OS uptime: 85 days 4:27 hours
Hyper-V role detected

CPU: total 8 (initial active 8) (4 cores per cpu, 2 threads per core) family 6 model 140 stepping 1 microcode 0xa4, cx8, cmov, fxsr, ht, mmx, 3dnowpref, sse, sse2, sse3, ssse3, sse4.1, sse4.2, popcnt, lzcnt, tsc, tscinvbit, avx, avx2, aes, erms, clmul, bmi1, bmi2, adx, avx512f, avx512dq, avx512cd, avx512bw, avx512vl, sha, fma, vzeroupper, avx512_vpopcntdq, avx512_vpclmulqdq, avx512_vaes, avx512_vnni, clflush, clflushopt, clwb, avx512_vbmi2, avx512_vbmi, hv
Processor Information for all 8 processors :
  Max Mhz: 2419, Current Mhz: 907, Mhz Limit: 895

Memory: 4k page, system-wide physical 16103M (603M free)
TotalPageFile size 54354M (AvailPageFile size 207M)
current process WorkingSet (physical memory assigned to process): 11M, peak: 11M
current process commit charge ("private bytes"): 60M, peak: 312M

vm_info: OpenJDK 64-Bit Server VM (17.0.9+7-b1087.11) for windows-amd64 JRE (17.0.9+7-b1087.11), built on 2024-01-05 by "builduser" with MS VC++ 16.10 / 16.11 (VS2019)

END.
